The system is: Windows - 10.0.18362 - AMD64
Compiling the CXX compiler identification source file "CMakeCXXCompilerId.cpp" succeeded.
Compiler: D:/VS/VC/Tools/MSVC/14.26.28801/bin/HostX64/x64/cl.exe 
Build flags: 
Id flags:  

The output was:
0
用于 x64 的 Microsoft (R) C/C++ 优化编译器 19.26.28805 版
版权所有(C) Microsoft Corporation。保留所有权利。

CMakeCXXCompilerId.cpp
Microsoft (R) Incremental Linker Version 14.26.28805.0
Copyright (C) Microsoft Corporation.  All rights reserved.

/out:CMakeCXXCompilerId.exe 
CMakeCXXCompilerId.obj 


Compilation of the CXX compiler identification source "CMakeCXXCompilerId.cpp" produced "CMakeCXXCompilerId.exe"

Compilation of the CXX compiler identification source "CMakeCXXCompilerId.cpp" produced "CMakeCXXCompilerId.obj"

The CXX compiler identification is MSVC, found in "E:/github/Qt5_study/workspace/First/out/build/x64-Debug (默认值)/CMakeFiles/3.17.20032601-MSVC_2/CompilerIdCXX/CMakeCXXCompilerId.exe"

Determining if the CXX compiler works passed with the following output:
Change Dir: E:/github/Qt5_study/workspace/First/out/build/x64-Debug (默认值)/CMakeFiles/CMakeTmp

Run Build Command(s):D:\VS\COMMON7\IDE\COMMONEXTENSIONS\MICROSOFT\CMAKE\Ninja\ninja.exe cmTC_d03f7 && [1/2] Building CXX object CMakeFiles\cmTC_d03f7.dir\testCXXCompiler.cxx.obj
[2/2] Linking CXX executable cmTC_d03f7.exe



Detecting CXX compiler ABI info compiled with the following output:
Change Dir: E:/github/Qt5_study/workspace/First/out/build/x64-Debug (默认值)/CMakeFiles/CMakeTmp

Run Build Command(s):D:\VS\COMMON7\IDE\COMMONEXTENSIONS\MICROSOFT\CMAKE\Ninja\ninja.exe cmTC_e3f44 && [1/2] Building CXX object CMakeFiles\cmTC_e3f44.dir\CMakeCXXCompilerABI.cpp.obj
[2/2] Linking CXX executable cmTC_e3f44.exe



